

Started GET "/" for ::1 at 2016-03-19 22:50:23 -0500
Processing by WelcomeController#index as HTML
  Rendered welcome/index.html (1.6ms)
Completed 200 OK in 24ms (Views: 16.7ms | ActiveRecord: 0.0ms)


Started GET "/" for ::1 at 2016-03-21 15:07:36 -0500
Processing by WelcomeController#index as HTML
  Rendered welcome/index.html (2.2ms)
Completed 200 OK in 35ms (Views: 24.3ms | ActiveRecord: 0.0ms)


Started GET "/reminders/new" for ::1 at 2016-03-21 15:07:38 -0500

ActionController::RoutingError (No route matches [GET] "/reminders/new"):
  actionpack (4.2.0) lib/action_dispatch/middleware/debug_exceptions.rb:21:in `call'
  web-console (2.3.0) lib/web_console/middleware.rb:28:in `block in call'
  web-console (2.3.0) lib/web_console/middleware.rb:18:in `catch'
  web-console (2.3.0) lib/web_console/middleware.rb:18:in `call'
  actionpack (4.2.0) lib/action_dispatch/middleware/show_exceptions.rb:30:in `call'
  railties (4.2.0) lib/rails/rack/logger.rb:38:in `call_app'
  railties (4.2.0) lib/rails/rack/logger.rb:20:in `block in call'
  activesupport (4.2.0) lib/active_support/tagged_logging.rb:68:in `block in tagged'
  activesupport (4.2.0) lib/active_support/tagged_logging.rb:26:in `tagged'
  activesupport (4.2.0) lib/active_support/tagged_logging.rb:68:in `tagged'
  railties (4.2.0) lib/rails/rack/logger.rb:20:in `call'
  actionpack (4.2.0) lib/action_dispatch/middleware/request_id.rb:21:in `call'
  rack (1.6.4) lib/rack/methodoverride.rb:22:in `call'
  rack (1.6.4) lib/rack/runtime.rb:18:in `call'
  activesupport (4.2.0) lib/active_support/cache/strategy/local_cache_middleware.rb:28:in `call'
  rack (1.6.4) lib/rack/lock.rb:17:in `call'
  actionpack (4.2.0) lib/action_dispatch/middleware/static.rb:113:in `call'
  rack (1.6.4) lib/rack/sendfile.rb:113:in `call'
  railties (4.2.0) lib/rails/engine.rb:518:in `call'
  railties (4.2.0) lib/rails/application.rb:164:in `call'
  rack (1.6.4) lib/rack/lock.rb:17:in `call'
  rack (1.6.4) lib/rack/content_length.rb:15:in `call'
  rack (1.6.4) lib/rack/handler/webrick.rb:88:in `service'
  /Users/mikliuca/.rbenv/versions/2.2.1/lib/ruby/2.2.0/webrick/httpserver.rb:138:in `service'
  /Users/mikliuca/.rbenv/versions/2.2.1/lib/ruby/2.2.0/webrick/httpserver.rb:94:in `run'
  /Users/mikliuca/.rbenv/versions/2.2.1/lib/ruby/2.2.0/webrick/server.rb:294:in `block in start_thread'


  Rendered /Users/mikliuca/.rbenv/versions/2.2.1/lib/ruby/gems/2.2.0/gems/actionpack-4.2.0/lib/action_dispatch/middleware/templates/rescues/_trace.html.erb (1.4ms)
  Rendered /Users/mikliuca/.rbenv/versions/2.2.1/lib/ruby/gems/2.2.0/gems/actionpack-4.2.0/lib/action_dispatch/middleware/templates/routes/_route.html.erb (0.7ms)
  Rendered /Users/mikliuca/.rbenv/versions/2.2.1/lib/ruby/gems/2.2.0/gems/actionpack-4.2.0/lib/action_dispatch/middleware/templates/routes/_table.html.erb (9.9ms)
  Rendered /Users/mikliuca/.rbenv/versions/2.2.1/lib/ruby/gems/2.2.0/gems/actionpack-4.2.0/lib/action_dispatch/middleware/templates/rescues/_request_and_response.html.erb (1.1ms)
  Rendered /Users/mikliuca/.rbenv/versions/2.2.1/lib/ruby/gems/2.2.0/gems/actionpack-4.2.0/lib/action_dispatch/middleware/templates/rescues/routing_error.html.erb within rescues/layout (110.0ms)
  Rendered /Users/mikliuca/.rbenv/versions/2.2.1/lib/ruby/gems/2.2.0/gems/web-console-2.3.0/lib/web_console/templates/_markup.html.erb (0.6ms)
  Rendered /Users/mikliuca/.rbenv/versions/2.2.1/lib/ruby/gems/2.2.0/gems/web-console-2.3.0/lib/web_console/templates/_inner_console_markup.html.erb within layouts/inlined_string (0.4ms)
  Rendered /Users/mikliuca/.rbenv/versions/2.2.1/lib/ruby/gems/2.2.0/gems/web-console-2.3.0/lib/web_console/templates/_prompt_box_markup.html.erb within layouts/inlined_string (0.3ms)
  Rendered /Users/mikliuca/.rbenv/versions/2.2.1/lib/ruby/gems/2.2.0/gems/web-console-2.3.0/lib/web_console/templates/style.css.erb within layouts/inlined_string (0.6ms)
  Rendered /Users/mikliuca/.rbenv/versions/2.2.1/lib/ruby/gems/2.2.0/gems/web-console-2.3.0/lib/web_console/templates/console.js.erb within layouts/javascript (65.9ms)
  Rendered /Users/mikliuca/.rbenv/versions/2.2.1/lib/ruby/gems/2.2.0/gems/web-console-2.3.0/lib/web_console/templates/main.js.erb within layouts/javascript (0.3ms)
  Rendered /Users/mikliuca/.rbenv/versions/2.2.1/lib/ruby/gems/2.2.0/gems/web-console-2.3.0/lib/web_console/templates/error_page.js.erb within layouts/javascript (0.4ms)
  Rendered /Users/mikliuca/.rbenv/versions/2.2.1/lib/ruby/gems/2.2.0/gems/web-console-2.3.0/lib/web_console/templates/index.html.erb (137.6ms)


Started GET "/reminders/new" for ::1 at 2016-03-21 15:09:55 -0500

ActionController::RoutingError (uninitialized constant CatalogController):
  activesupport (4.2.0) lib/active_support/inflector/methods.rb:261:in `const_get'
  activesupport (4.2.0) lib/active_support/inflector/methods.rb:261:in `block in constantize'
  activesupport (4.2.0) lib/active_support/inflector/methods.rb:259:in `each'
  activesupport (4.2.0) lib/active_support/inflector/methods.rb:259:in `inject'
  activesupport (4.2.0) lib/active_support/inflector/methods.rb:259:in `constantize'
  actionpack (4.2.0) lib/action_dispatch/routing/route_set.rb:69:in `controller_reference'
  actionpack (4.2.0) lib/action_dispatch/routing/route_set.rb:59:in `controller'
  actionpack (4.2.0) lib/action_dispatch/routing/route_set.rb:38:in `serve'
  actionpack (4.2.0) lib/action_dispatch/journey/router.rb:43:in `block in serve'
  actionpack (4.2.0) lib/action_dispatch/journey/router.rb:30:in `each'
  actionpack (4.2.0) lib/action_dispatch/journey/router.rb:30:in `serve'
  actionpack (4.2.0) lib/action_dispatch/routing/route_set.rb:802:in `call'
  rack (1.6.4) lib/rack/etag.rb:24:in `call'
  rack (1.6.4) lib/rack/conditionalget.rb:25:in `call'
  rack (1.6.4) lib/rack/head.rb:13:in `call'
  actionpack (4.2.0) lib/action_dispatch/middleware/params_parser.rb:27:in `call'
  actionpack (4.2.0) lib/action_dispatch/middleware/flash.rb:260:in `call'
  rack (1.6.4) lib/rack/session/abstract/id.rb:225:in `context'
  rack (1.6.4) lib/rack/session/abstract/id.rb:220:in `call'
  actionpack (4.2.0) lib/action_dispatch/middleware/cookies.rb:560:in `call'
  activerecord (4.2.0) lib/active_record/query_cache.rb:36:in `call'
  activerecord (4.2.0) lib/active_record/connection_adapters/abstract/connection_pool.rb:647:in `call'
  activerecord (4.2.0) lib/active_record/migration.rb:378:in `call'
  actionpack (4.2.0) lib/action_dispatch/middleware/callbacks.rb:29:in `block in call'
  activesupport (4.2.0) lib/active_support/callbacks.rb:88:in `call'
  activesupport (4.2.0) lib/active_support/callbacks.rb:88:in `_run_callbacks'
  activesupport (4.2.0) lib/active_support/callbacks.rb:734:in `_run_call_callbacks'
  activesupport (4.2.0) lib/active_support/callbacks.rb:81:in `run_callbacks'
  actionpack (4.2.0) lib/action_dispatch/middleware/callbacks.rb:27:in `call'
  actionpack (4.2.0) lib/action_dispatch/middleware/reloader.rb:73:in `call'
  actionpack (4.2.0) lib/action_dispatch/middleware/remote_ip.rb:78:in `call'
  actionpack (4.2.0) lib/action_dispatch/middleware/debug_exceptions.rb:17:in `call'
  web-console (2.3.0) lib/web_console/middleware.rb:28:in `block in call'
  web-console (2.3.0) lib/web_console/middleware.rb:18:in `catch'
  web-console (2.3.0) lib/web_console/middleware.rb:18:in `call'
  actionpack (4.2.0) lib/action_dispatch/middleware/show_exceptions.rb:30:in `call'
  railties (4.2.0) lib/rails/rack/logger.rb:38:in `call_app'
  railties (4.2.0) lib/rails/rack/logger.rb:20:in `block in call'
  activesupport (4.2.0) lib/active_support/tagged_logging.rb:68:in `block in tagged'
  activesupport (4.2.0) lib/active_support/tagged_logging.rb:26:in `tagged'
  activesupport (4.2.0) lib/active_support/tagged_logging.rb:68:in `tagged'
  railties (4.2.0) lib/rails/rack/logger.rb:20:in `call'
  actionpack (4.2.0) lib/action_dispatch/middleware/request_id.rb:21:in `call'
  rack (1.6.4) lib/rack/methodoverride.rb:22:in `call'
  rack (1.6.4) lib/rack/runtime.rb:18:in `call'
  activesupport (4.2.0) lib/active_support/cache/strategy/local_cache_middleware.rb:28:in `call'
  rack (1.6.4) lib/rack/lock.rb:17:in `call'
  actionpack (4.2.0) lib/action_dispatch/middleware/static.rb:113:in `call'
  rack (1.6.4) lib/rack/sendfile.rb:113:in `call'
  railties (4.2.0) lib/rails/engine.rb:518:in `call'
  railties (4.2.0) lib/rails/application.rb:164:in `call'
  rack (1.6.4) lib/rack/lock.rb:17:in `call'
  rack (1.6.4) lib/rack/content_length.rb:15:in `call'
  rack (1.6.4) lib/rack/handler/webrick.rb:88:in `service'
  /Users/mikliuca/.rbenv/versions/2.2.1/lib/ruby/2.2.0/webrick/httpserver.rb:138:in `service'
  /Users/mikliuca/.rbenv/versions/2.2.1/lib/ruby/2.2.0/webrick/httpserver.rb:94:in `run'
  /Users/mikliuca/.rbenv/versions/2.2.1/lib/ruby/2.2.0/webrick/server.rb:294:in `block in start_thread'


  Rendered /Users/mikliuca/.rbenv/versions/2.2.1/lib/ruby/gems/2.2.0/gems/actionpack-4.2.0/lib/action_dispatch/middleware/templates/rescues/_trace.html.erb (1.5ms)
  Rendered /Users/mikliuca/.rbenv/versions/2.2.1/lib/ruby/gems/2.2.0/gems/actionpack-4.2.0/lib/action_dispatch/middleware/templates/routes/_route.html.erb (0.6ms)
  Rendered /Users/mikliuca/.rbenv/versions/2.2.1/lib/ruby/gems/2.2.0/gems/actionpack-4.2.0/lib/action_dispatch/middleware/templates/routes/_table.html.erb (1.0ms)
  Rendered /Users/mikliuca/.rbenv/versions/2.2.1/lib/ruby/gems/2.2.0/gems/actionpack-4.2.0/lib/action_dispatch/middleware/templates/rescues/_request_and_response.html.erb (1.0ms)
  Rendered /Users/mikliuca/.rbenv/versions/2.2.1/lib/ruby/gems/2.2.0/gems/actionpack-4.2.0/lib/action_dispatch/middleware/templates/rescues/routing_error.html.erb within rescues/layout (67.7ms)
  Rendered /Users/mikliuca/.rbenv/versions/2.2.1/lib/ruby/gems/2.2.0/gems/web-console-2.3.0/lib/web_console/templates/_markup.html.erb (0.4ms)
  Rendered /Users/mikliuca/.rbenv/versions/2.2.1/lib/ruby/gems/2.2.0/gems/web-console-2.3.0/lib/web_console/templates/_inner_console_markup.html.erb within layouts/inlined_string (0.4ms)
  Rendered /Users/mikliuca/.rbenv/versions/2.2.1/lib/ruby/gems/2.2.0/gems/web-console-2.3.0/lib/web_console/templates/_prompt_box_markup.html.erb within layouts/inlined_string (0.3ms)
  Rendered /Users/mikliuca/.rbenv/versions/2.2.1/lib/ruby/gems/2.2.0/gems/web-console-2.3.0/lib/web_console/templates/style.css.erb within layouts/inlined_string (0.3ms)
  Rendered /Users/mikliuca/.rbenv/versions/2.2.1/lib/ruby/gems/2.2.0/gems/web-console-2.3.0/lib/web_console/templates/console.js.erb within layouts/javascript (55.6ms)
  Rendered /Users/mikliuca/.rbenv/versions/2.2.1/lib/ruby/gems/2.2.0/gems/web-console-2.3.0/lib/web_console/templates/main.js.erb within layouts/javascript (0.3ms)
  Rendered /Users/mikliuca/.rbenv/versions/2.2.1/lib/ruby/gems/2.2.0/gems/web-console-2.3.0/lib/web_console/templates/error_page.js.erb within layouts/javascript (0.4ms)
  Rendered /Users/mikliuca/.rbenv/versions/2.2.1/lib/ruby/gems/2.2.0/gems/web-console-2.3.0/lib/web_console/templates/index.html.erb (113.0ms)


Started GET "/reminders/new" for ::1 at 2016-03-21 15:10:08 -0500
Processing by RemindersController#new as HTML
  Rendered reminders/new.html.erb (0.3ms)
Completed 200 OK in 9ms (Views: 8.8ms | ActiveRecord: 0.0ms)


Started GET "/reminders/new" for ::1 at 2016-03-21 15:11:53 -0500
Processing by RemindersController#new as HTML
  Rendered reminders/new.html.erb (0.3ms)
Completed 200 OK in 7ms (Views: 6.4ms | ActiveRecord: 0.0ms)


Started GET "/reminders/new" for ::1 at 2016-03-21 15:12:14 -0500
Processing by RemindersController#new as HTML
  Rendered reminders/new.html.erb (0.3ms)
Completed 200 OK in 7ms (Views: 6.7ms | ActiveRecord: 0.0ms)


Started GET "/reminders/new" for ::1 at 2016-03-21 15:13:06 -0500
Processing by RemindersController#new as HTML
  Rendered reminders/new.html.erb (0.3ms)
Completed 200 OK in 8ms (Views: 7.2ms | ActiveRecord: 0.0ms)


Started GET "/reminders/new" for ::1 at 2016-03-21 15:14:13 -0500
Processing by RemindersController#new as HTML
  Rendered reminders/new.html.erb (0.4ms)
Completed 200 OK in 6ms (Views: 6.0ms | ActiveRecord: 0.0ms)


Started POST "/reminders" for ::1 at 2016-03-21 15:15:49 -0500

ActionController::RoutingError (No route matches [POST] "/reminders"):
  actionpack (4.2.0) lib/action_dispatch/middleware/debug_exceptions.rb:21:in `call'
  web-console (2.3.0) lib/web_console/middleware.rb:28:in `block in call'
  web-console (2.3.0) lib/web_console/middleware.rb:18:in `catch'
  web-console (2.3.0) lib/web_console/middleware.rb:18:in `call'
  actionpack (4.2.0) lib/action_dispatch/middleware/show_exceptions.rb:30:in `call'
  railties (4.2.0) lib/rails/rack/logger.rb:38:in `call_app'
  railties (4.2.0) lib/rails/rack/logger.rb:20:in `block in call'
  activesupport (4.2.0) lib/active_support/tagged_logging.rb:68:in `block in tagged'
  activesupport (4.2.0) lib/active_support/tagged_logging.rb:26:in `tagged'
  activesupport (4.2.0) lib/active_support/tagged_logging.rb:68:in `tagged'
  railties (4.2.0) lib/rails/rack/logger.rb:20:in `call'
  actionpack (4.2.0) lib/action_dispatch/middleware/request_id.rb:21:in `call'
  rack (1.6.4) lib/rack/methodoverride.rb:22:in `call'
  rack (1.6.4) lib/rack/runtime.rb:18:in `call'
  activesupport (4.2.0) lib/active_support/cache/strategy/local_cache_middleware.rb:28:in `call'
  rack (1.6.4) lib/rack/lock.rb:17:in `call'
  actionpack (4.2.0) lib/action_dispatch/middleware/static.rb:113:in `call'
  rack (1.6.4) lib/rack/sendfile.rb:113:in `call'
  railties (4.2.0) lib/rails/engine.rb:518:in `call'
  railties (4.2.0) lib/rails/application.rb:164:in `call'
  rack (1.6.4) lib/rack/lock.rb:17:in `call'
  rack (1.6.4) lib/rack/content_length.rb:15:in `call'
  rack (1.6.4) lib/rack/handler/webrick.rb:88:in `service'
  /Users/mikliuca/.rbenv/versions/2.2.1/lib/ruby/2.2.0/webrick/httpserver.rb:138:in `service'
  /Users/mikliuca/.rbenv/versions/2.2.1/lib/ruby/2.2.0/webrick/httpserver.rb:94:in `run'
  /Users/mikliuca/.rbenv/versions/2.2.1/lib/ruby/2.2.0/webrick/server.rb:294:in `block in start_thread'


  Rendered /Users/mikliuca/.rbenv/versions/2.2.1/lib/ruby/gems/2.2.0/gems/actionpack-4.2.0/lib/action_dispatch/middleware/templates/rescues/_trace.html.erb (1.3ms)
  Rendered /Users/mikliuca/.rbenv/versions/2.2.1/lib/ruby/gems/2.2.0/gems/actionpack-4.2.0/lib/action_dispatch/middleware/templates/routes/_route.html.erb (0.6ms)
  Rendered /Users/mikliuca/.rbenv/versions/2.2.1/lib/ruby/gems/2.2.0/gems/actionpack-4.2.0/lib/action_dispatch/middleware/templates/routes/_table.html.erb (1.1ms)
  Rendered /Users/mikliuca/.rbenv/versions/2.2.1/lib/ruby/gems/2.2.0/gems/actionpack-4.2.0/lib/action_dispatch/middleware/templates/rescues/_request_and_response.html.erb (1.0ms)
  Rendered /Users/mikliuca/.rbenv/versions/2.2.1/lib/ruby/gems/2.2.0/gems/actionpack-4.2.0/lib/action_dispatch/middleware/templates/rescues/routing_error.html.erb within rescues/layout (70.1ms)
  Rendered /Users/mikliuca/.rbenv/versions/2.2.1/lib/ruby/gems/2.2.0/gems/web-console-2.3.0/lib/web_console/templates/_markup.html.erb (0.6ms)
  Rendered /Users/mikliuca/.rbenv/versions/2.2.1/lib/ruby/gems/2.2.0/gems/web-console-2.3.0/lib/web_console/templates/_inner_console_markup.html.erb within layouts/inlined_string (0.3ms)
  Rendered /Users/mikliuca/.rbenv/versions/2.2.1/lib/ruby/gems/2.2.0/gems/web-console-2.3.0/lib/web_console/templates/_prompt_box_markup.html.erb within layouts/inlined_string (0.3ms)
  Rendered /Users/mikliuca/.rbenv/versions/2.2.1/lib/ruby/gems/2.2.0/gems/web-console-2.3.0/lib/web_console/templates/style.css.erb within layouts/inlined_string (0.4ms)
  Rendered /Users/mikliuca/.rbenv/versions/2.2.1/lib/ruby/gems/2.2.0/gems/web-console-2.3.0/lib/web_console/templates/console.js.erb within layouts/javascript (62.7ms)
  Rendered /Users/mikliuca/.rbenv/versions/2.2.1/lib/ruby/gems/2.2.0/gems/web-console-2.3.0/lib/web_console/templates/main.js.erb within layouts/javascript (0.3ms)
  Rendered /Users/mikliuca/.rbenv/versions/2.2.1/lib/ruby/gems/2.2.0/gems/web-console-2.3.0/lib/web_console/templates/error_page.js.erb within layouts/javascript (0.5ms)
  Rendered /Users/mikliuca/.rbenv/versions/2.2.1/lib/ruby/gems/2.2.0/gems/web-console-2.3.0/lib/web_console/templates/index.html.erb (144.8ms)


Started POST "/reminders" for ::1 at 2016-03-21 15:17:07 -0500
Processing by RemindersController#create as HTML
  Parameters: {"number"=>"blah ", "message"=>"blah", "submit"=>"Send Message"}
  Rendered reminders/create.html.erb (0.3ms)
Completed 200 OK in 8ms (Views: 7.9ms | ActiveRecord: 0.0ms)


Started POST "/reminders" for ::1 at 2016-03-21 15:17:11 -0500
Processing by RemindersController#create as HTML
  Parameters: {"number"=>"blah ", "message"=>"blah", "submit"=>"Send Message"}
  Rendered reminders/create.html.erb (0.0ms)
Completed 200 OK in 9ms (Views: 8.8ms | ActiveRecord: 0.0ms)


Started POST "/reminders" for ::1 at 2016-03-21 15:17:56 -0500
Processing by RemindersController#create as HTML
  Parameters: {"number"=>"blah ", "message"=>"blah", "submit"=>"Send Message"}
  Rendered reminders/create.html.erb (0.3ms)
Completed 200 OK in 6ms (Views: 5.5ms | ActiveRecord: 0.0ms)


Started GET "/reminders/new" for ::1 at 2016-03-21 15:17:58 -0500
Processing by RemindersController#new as HTML
  Rendered reminders/new.html.erb (0.1ms)
Completed 200 OK in 5ms (Views: 5.1ms | ActiveRecord: 0.0ms)


Started GET "/" for ::1 at 2016-03-22 21:04:21 -0500
Processing by WelcomeController#index as HTML
  Rendered welcome/index.html (1.8ms)
Completed 200 OK in 27ms (Views: 18.7ms | ActiveRecord: 0.0ms)


Started GET "/reminders/new" for ::1 at 2016-03-22 21:04:24 -0500
Processing by RemindersController#new as HTML
  Rendered reminders/new.html.erb (0.3ms)
Completed 200 OK in 11ms (Views: 10.2ms | ActiveRecord: 0.0ms)


Started POST "/reminders" for ::1 at 2016-03-22 21:04:32 -0500
Processing by RemindersController#create as HTML
  Parameters: {"number"=>"18472544144", "message"=>"hey dude", "submit"=>"Send Message"}
Completed 500 Internal Server Error in 6ms

NameError (undefined local variable or method `number' for #<RemindersController:0x007fec3c538128>):
  app/controllers/reminders_controller.rb:17:in `create'


  Rendered /Users/mikliuca/.rbenv/versions/2.2.1/lib/ruby/gems/2.2.0/gems/actionpack-4.2.0/lib/action_dispatch/middleware/templates/rescues/_source.erb (4.1ms)
  Rendered /Users/mikliuca/.rbenv/versions/2.2.1/lib/ruby/gems/2.2.0/gems/actionpack-4.2.0/lib/action_dispatch/middleware/templates/rescues/_trace.html.erb (3.3ms)
  Rendered /Users/mikliuca/.rbenv/versions/2.2.1/lib/ruby/gems/2.2.0/gems/actionpack-4.2.0/lib/action_dispatch/middleware/templates/rescues/_request_and_response.html.erb (1.5ms)
  Rendered /Users/mikliuca/.rbenv/versions/2.2.1/lib/ruby/gems/2.2.0/gems/actionpack-4.2.0/lib/action_dispatch/middleware/templates/rescues/diagnostics.html.erb within rescues/layout (68.9ms)
  Rendered /Users/mikliuca/.rbenv/versions/2.2.1/lib/ruby/gems/2.2.0/gems/web-console-2.3.0/lib/web_console/templates/_markup.html.erb (0.7ms)
  Rendered /Users/mikliuca/.rbenv/versions/2.2.1/lib/ruby/gems/2.2.0/gems/web-console-2.3.0/lib/web_console/templates/_inner_console_markup.html.erb within layouts/inlined_string (0.5ms)
  Rendered /Users/mikliuca/.rbenv/versions/2.2.1/lib/ruby/gems/2.2.0/gems/web-console-2.3.0/lib/web_console/templates/_prompt_box_markup.html.erb within layouts/inlined_string (0.3ms)
  Rendered /Users/mikliuca/.rbenv/versions/2.2.1/lib/ruby/gems/2.2.0/gems/web-console-2.3.0/lib/web_console/templates/style.css.erb within layouts/inlined_string (0.5ms)
  Rendered /Users/mikliuca/.rbenv/versions/2.2.1/lib/ruby/gems/2.2.0/gems/web-console-2.3.0/lib/web_console/templates/console.js.erb within layouts/javascript (62.6ms)
  Rendered /Users/mikliuca/.rbenv/versions/2.2.1/lib/ruby/gems/2.2.0/gems/web-console-2.3.0/lib/web_console/templates/main.js.erb within layouts/javascript (0.3ms)
  Rendered /Users/mikliuca/.rbenv/versions/2.2.1/lib/ruby/gems/2.2.0/gems/web-console-2.3.0/lib/web_console/templates/error_page.js.erb within layouts/javascript (0.3ms)
  Rendered /Users/mikliuca/.rbenv/versions/2.2.1/lib/ruby/gems/2.2.0/gems/web-console-2.3.0/lib/web_console/templates/index.html.erb (135.2ms)


Started GET "/reminders/new" for ::1 at 2016-03-22 21:06:02 -0500
Processing by RemindersController#new as HTML
  Rendered reminders/new.html.erb (0.1ms)
Completed 200 OK in 8ms (Views: 7.8ms | ActiveRecord: 0.0ms)


Started POST "/reminders" for ::1 at 2016-03-22 21:06:16 -0500
Processing by RemindersController#create as HTML
  Parameters: {"number"=>"18475254435", "message"=>"hey", "submit"=>"Send Message"}
Completed 500 Internal Server Error in 1208ms

Twilio::REST::RequestError (The number +18475254435 is unverified. Trial accounts cannot send messages to unverified numbers; verify +18475254435 at twilio.com/user/account/phone-numbers/verified, or purchase a Twilio number to send messages to unverified numbers.):
  app/controllers/reminders_controller.rb:15:in `create'


  Rendered /Users/mikliuca/.rbenv/versions/2.2.1/lib/ruby/gems/2.2.0/gems/actionpack-4.2.0/lib/action_dispatch/middleware/templates/rescues/_source.erb (4.7ms)
  Rendered /Users/mikliuca/.rbenv/versions/2.2.1/lib/ruby/gems/2.2.0/gems/actionpack-4.2.0/lib/action_dispatch/middleware/templates/rescues/_trace.html.erb (2.1ms)
  Rendered /Users/mikliuca/.rbenv/versions/2.2.1/lib/ruby/gems/2.2.0/gems/actionpack-4.2.0/lib/action_dispatch/middleware/templates/rescues/_request_and_response.html.erb (1.0ms)
  Rendered /Users/mikliuca/.rbenv/versions/2.2.1/lib/ruby/gems/2.2.0/gems/actionpack-4.2.0/lib/action_dispatch/middleware/templates/rescues/diagnostics.html.erb within rescues/layout (60.0ms)
  Rendered /Users/mikliuca/.rbenv/versions/2.2.1/lib/ruby/gems/2.2.0/gems/web-console-2.3.0/lib/web_console/templates/_markup.html.erb (0.6ms)
  Rendered /Users/mikliuca/.rbenv/versions/2.2.1/lib/ruby/gems/2.2.0/gems/web-console-2.3.0/lib/web_console/templates/_inner_console_markup.html.erb within layouts/inlined_string (0.3ms)
  Rendered /Users/mikliuca/.rbenv/versions/2.2.1/lib/ruby/gems/2.2.0/gems/web-console-2.3.0/lib/web_console/templates/_prompt_box_markup.html.erb within layouts/inlined_string (0.5ms)
  Rendered /Users/mikliuca/.rbenv/versions/2.2.1/lib/ruby/gems/2.2.0/gems/web-console-2.3.0/lib/web_console/templates/style.css.erb within layouts/inlined_string (0.6ms)
  Rendered /Users/mikliuca/.rbenv/versions/2.2.1/lib/ruby/gems/2.2.0/gems/web-console-2.3.0/lib/web_console/templates/console.js.erb within layouts/javascript (56.0ms)
  Rendered /Users/mikliuca/.rbenv/versions/2.2.1/lib/ruby/gems/2.2.0/gems/web-console-2.3.0/lib/web_console/templates/main.js.erb within layouts/javascript (0.3ms)
  Rendered /Users/mikliuca/.rbenv/versions/2.2.1/lib/ruby/gems/2.2.0/gems/web-console-2.3.0/lib/web_console/templates/error_page.js.erb within layouts/javascript (0.3ms)
  Rendered /Users/mikliuca/.rbenv/versions/2.2.1/lib/ruby/gems/2.2.0/gems/web-console-2.3.0/lib/web_console/templates/index.html.erb (126.2ms)


Started POST "/reminders" for ::1 at 2016-03-22 21:09:09 -0500
Processing by RemindersController#create as HTML
  Parameters: {"number"=>"18475254435", "message"=>"hey", "submit"=>"Send Message"}
  Rendered reminders/create.html.erb (0.3ms)
Completed 200 OK in 1262ms (Views: 9.4ms | ActiveRecord: 0.0ms)


Started GET "/reminders/new" for ::1 at 2016-03-22 21:09:45 -0500
Processing by RemindersController#new as HTML
  Rendered reminders/new.html.erb (0.1ms)
Completed 200 OK in 8ms (Views: 7.0ms | ActiveRecord: 0.0ms)


Started GET "/" for ::1 at 2016-03-22 21:20:58 -0500
Processing by WelcomeController#index as HTML
  Rendered welcome/index.html (1.6ms)
Completed 200 OK in 26ms (Views: 17.6ms | ActiveRecord: 0.0ms)


Started GET "/reminders/new" for ::1 at 2016-03-22 21:21:00 -0500
Processing by RemindersController#new as HTML
  Rendered reminders/new.html.erb (0.3ms)
Completed 200 OK in 9ms (Views: 8.8ms | ActiveRecord: 0.0ms)


Started POST "/reminders" for ::1 at 2016-03-22 21:21:12 -0500
Processing by RemindersController#create as HTML
  Parameters: {"number"=>"18475254435", "message"=>"stuff", "submit"=>"Send Message"}
Completed 500 Internal Server Error in 1ms

ArgumentError (Account SID and auth token are required):
  app/controllers/reminders_controller.rb:12:in `new'
  app/controllers/reminders_controller.rb:12:in `create'


  Rendered /Users/mikliuca/.rbenv/versions/2.2.1/lib/ruby/gems/2.2.0/gems/actionpack-4.2.0/lib/action_dispatch/middleware/templates/rescues/_source.erb (4.2ms)
  Rendered /Users/mikliuca/.rbenv/versions/2.2.1/lib/ruby/gems/2.2.0/gems/actionpack-4.2.0/lib/action_dispatch/middleware/templates/rescues/_trace.html.erb (2.2ms)
  Rendered /Users/mikliuca/.rbenv/versions/2.2.1/lib/ruby/gems/2.2.0/gems/actionpack-4.2.0/lib/action_dispatch/middleware/templates/rescues/_request_and_response.html.erb (1.1ms)
  Rendered /Users/mikliuca/.rbenv/versions/2.2.1/lib/ruby/gems/2.2.0/gems/actionpack-4.2.0/lib/action_dispatch/middleware/templates/rescues/diagnostics.html.erb within rescues/layout (62.0ms)
  Rendered /Users/mikliuca/.rbenv/versions/2.2.1/lib/ruby/gems/2.2.0/gems/web-console-2.3.0/lib/web_console/templates/_markup.html.erb (0.7ms)
  Rendered /Users/mikliuca/.rbenv/versions/2.2.1/lib/ruby/gems/2.2.0/gems/web-console-2.3.0/lib/web_console/templates/_inner_console_markup.html.erb within layouts/inlined_string (0.3ms)
  Rendered /Users/mikliuca/.rbenv/versions/2.2.1/lib/ruby/gems/2.2.0/gems/web-console-2.3.0/lib/web_console/templates/_prompt_box_markup.html.erb within layouts/inlined_string (0.3ms)
  Rendered /Users/mikliuca/.rbenv/versions/2.2.1/lib/ruby/gems/2.2.0/gems/web-console-2.3.0/lib/web_console/templates/style.css.erb within layouts/inlined_string (0.4ms)
  Rendered /Users/mikliuca/.rbenv/versions/2.2.1/lib/ruby/gems/2.2.0/gems/web-console-2.3.0/lib/web_console/templates/console.js.erb within layouts/javascript (59.1ms)
  Rendered /Users/mikliuca/.rbenv/versions/2.2.1/lib/ruby/gems/2.2.0/gems/web-console-2.3.0/lib/web_console/templates/main.js.erb within layouts/javascript (0.4ms)
  Rendered /Users/mikliuca/.rbenv/versions/2.2.1/lib/ruby/gems/2.2.0/gems/web-console-2.3.0/lib/web_console/templates/error_page.js.erb within layouts/javascript (0.5ms)
  Rendered /Users/mikliuca/.rbenv/versions/2.2.1/lib/ruby/gems/2.2.0/gems/web-console-2.3.0/lib/web_console/templates/index.html.erb (129.5ms)


Started POST "/reminders" for ::1 at 2016-03-22 21:21:35 -0500
Processing by RemindersController#create as HTML
  Parameters: {"number"=>"18475254435", "message"=>"stuff", "submit"=>"Send Message"}
Completed 500 Internal Server Error in 8ms

NameError (undefined local variable or method `account_sid' for #<RemindersController:0x007fa651a80f30>):
  app/controllers/reminders_controller.rb:12:in `create'


  Rendered /Users/mikliuca/.rbenv/versions/2.2.1/lib/ruby/gems/2.2.0/gems/actionpack-4.2.0/lib/action_dispatch/middleware/templates/rescues/_source.erb (3.9ms)
  Rendered /Users/mikliuca/.rbenv/versions/2.2.1/lib/ruby/gems/2.2.0/gems/actionpack-4.2.0/lib/action_dispatch/middleware/templates/rescues/_trace.html.erb (1.9ms)
  Rendered /Users/mikliuca/.rbenv/versions/2.2.1/lib/ruby/gems/2.2.0/gems/actionpack-4.2.0/lib/action_dispatch/middleware/templates/rescues/_request_and_response.html.erb (0.9ms)
  Rendered /Users/mikliuca/.rbenv/versions/2.2.1/lib/ruby/gems/2.2.0/gems/actionpack-4.2.0/lib/action_dispatch/middleware/templates/rescues/diagnostics.html.erb within rescues/layout (56.4ms)
  Rendered /Users/mikliuca/.rbenv/versions/2.2.1/lib/ruby/gems/2.2.0/gems/web-console-2.3.0/lib/web_console/templates/_markup.html.erb (0.4ms)
  Rendered /Users/mikliuca/.rbenv/versions/2.2.1/lib/ruby/gems/2.2.0/gems/web-console-2.3.0/lib/web_console/templates/_inner_console_markup.html.erb within layouts/inlined_string (0.3ms)
  Rendered /Users/mikliuca/.rbenv/versions/2.2.1/lib/ruby/gems/2.2.0/gems/web-console-2.3.0/lib/web_console/templates/_prompt_box_markup.html.erb within layouts/inlined_string (0.3ms)
  Rendered /Users/mikliuca/.rbenv/versions/2.2.1/lib/ruby/gems/2.2.0/gems/web-console-2.3.0/lib/web_console/templates/style.css.erb within layouts/inlined_string (0.3ms)
  Rendered /Users/mikliuca/.rbenv/versions/2.2.1/lib/ruby/gems/2.2.0/gems/web-console-2.3.0/lib/web_console/templates/console.js.erb within layouts/javascript (47.0ms)
  Rendered /Users/mikliuca/.rbenv/versions/2.2.1/lib/ruby/gems/2.2.0/gems/web-console-2.3.0/lib/web_console/templates/main.js.erb within layouts/javascript (0.3ms)
  Rendered /Users/mikliuca/.rbenv/versions/2.2.1/lib/ruby/gems/2.2.0/gems/web-console-2.3.0/lib/web_console/templates/error_page.js.erb within layouts/javascript (0.4ms)
  Rendered /Users/mikliuca/.rbenv/versions/2.2.1/lib/ruby/gems/2.2.0/gems/web-console-2.3.0/lib/web_console/templates/index.html.erb (107.8ms)


Started POST "/reminders" for ::1 at 2016-03-22 21:22:27 -0500
Processing by RemindersController#create as HTML
  Parameters: {"number"=>"18475254435", "message"=>"stuff", "submit"=>"Send Message"}
Completed 500 Internal Server Error in 1ms

ArgumentError (Account SID and auth token are required):
  app/controllers/reminders_controller.rb:12:in `new'
  app/controllers/reminders_controller.rb:12:in `create'


  Rendered /Users/mikliuca/.rbenv/versions/2.2.1/lib/ruby/gems/2.2.0/gems/actionpack-4.2.0/lib/action_dispatch/middleware/templates/rescues/_source.erb (4.0ms)
  Rendered /Users/mikliuca/.rbenv/versions/2.2.1/lib/ruby/gems/2.2.0/gems/actionpack-4.2.0/lib/action_dispatch/middleware/templates/rescues/_trace.html.erb (1.9ms)
  Rendered /Users/mikliuca/.rbenv/versions/2.2.1/lib/ruby/gems/2.2.0/gems/actionpack-4.2.0/lib/action_dispatch/middleware/templates/rescues/_request_and_response.html.erb (0.9ms)
  Rendered /Users/mikliuca/.rbenv/versions/2.2.1/lib/ruby/gems/2.2.0/gems/actionpack-4.2.0/lib/action_dispatch/middleware/templates/rescues/diagnostics.html.erb within rescues/layout (57.5ms)
  Rendered /Users/mikliuca/.rbenv/versions/2.2.1/lib/ruby/gems/2.2.0/gems/web-console-2.3.0/lib/web_console/templates/_markup.html.erb (0.4ms)
  Rendered /Users/mikliuca/.rbenv/versions/2.2.1/lib/ruby/gems/2.2.0/gems/web-console-2.3.0/lib/web_console/templates/_inner_console_markup.html.erb within layouts/inlined_string (0.3ms)
  Rendered /Users/mikliuca/.rbenv/versions/2.2.1/lib/ruby/gems/2.2.0/gems/web-console-2.3.0/lib/web_console/templates/_prompt_box_markup.html.erb within layouts/inlined_string (0.3ms)
  Rendered /Users/mikliuca/.rbenv/versions/2.2.1/lib/ruby/gems/2.2.0/gems/web-console-2.3.0/lib/web_console/templates/style.css.erb within layouts/inlined_string (0.3ms)
  Rendered /Users/mikliuca/.rbenv/versions/2.2.1/lib/ruby/gems/2.2.0/gems/web-console-2.3.0/lib/web_console/templates/console.js.erb within layouts/javascript (46.8ms)
  Rendered /Users/mikliuca/.rbenv/versions/2.2.1/lib/ruby/gems/2.2.0/gems/web-console-2.3.0/lib/web_console/templates/main.js.erb within layouts/javascript (0.3ms)
  Rendered /Users/mikliuca/.rbenv/versions/2.2.1/lib/ruby/gems/2.2.0/gems/web-console-2.3.0/lib/web_console/templates/error_page.js.erb within layouts/javascript (0.5ms)
  Rendered /Users/mikliuca/.rbenv/versions/2.2.1/lib/ruby/gems/2.2.0/gems/web-console-2.3.0/lib/web_console/templates/index.html.erb (103.8ms)


Started POST "/reminders" for ::1 at 2016-03-22 21:24:36 -0500
Processing by RemindersController#create as HTML
  Parameters: {"number"=>"18475254435", "message"=>"stuff", "submit"=>"Send Message"}
Completed 500 Internal Server Error in 3ms

NameError (undefined local variable or method `account_sid' for #<RemindersController:0x007fa6568706a0>):
  app/controllers/reminders_controller.rb:12:in `create'


  Rendered /Users/mikliuca/.rbenv/versions/2.2.1/lib/ruby/gems/2.2.0/gems/actionpack-4.2.0/lib/action_dispatch/middleware/templates/rescues/_source.erb (4.0ms)
  Rendered /Users/mikliuca/.rbenv/versions/2.2.1/lib/ruby/gems/2.2.0/gems/actionpack-4.2.0/lib/action_dispatch/middleware/templates/rescues/_trace.html.erb (2.0ms)
  Rendered /Users/mikliuca/.rbenv/versions/2.2.1/lib/ruby/gems/2.2.0/gems/actionpack-4.2.0/lib/action_dispatch/middleware/templates/rescues/_request_and_response.html.erb (1.6ms)
  Rendered /Users/mikliuca/.rbenv/versions/2.2.1/lib/ruby/gems/2.2.0/gems/actionpack-4.2.0/lib/action_dispatch/middleware/templates/rescues/diagnostics.html.erb within rescues/layout (59.2ms)
  Rendered /Users/mikliuca/.rbenv/versions/2.2.1/lib/ruby/gems/2.2.0/gems/web-console-2.3.0/lib/web_console/templates/_markup.html.erb (0.4ms)
  Rendered /Users/mikliuca/.rbenv/versions/2.2.1/lib/ruby/gems/2.2.0/gems/web-console-2.3.0/lib/web_console/templates/_inner_console_markup.html.erb within layouts/inlined_string (0.5ms)
  Rendered /Users/mikliuca/.rbenv/versions/2.2.1/lib/ruby/gems/2.2.0/gems/web-console-2.3.0/lib/web_console/templates/_prompt_box_markup.html.erb within layouts/inlined_string (0.5ms)
  Rendered /Users/mikliuca/.rbenv/versions/2.2.1/lib/ruby/gems/2.2.0/gems/web-console-2.3.0/lib/web_console/templates/style.css.erb within layouts/inlined_string (0.3ms)
  Rendered /Users/mikliuca/.rbenv/versions/2.2.1/lib/ruby/gems/2.2.0/gems/web-console-2.3.0/lib/web_console/templates/console.js.erb within layouts/javascript (60.0ms)
  Rendered /Users/mikliuca/.rbenv/versions/2.2.1/lib/ruby/gems/2.2.0/gems/web-console-2.3.0/lib/web_console/templates/main.js.erb within layouts/javascript (0.3ms)
  Rendered /Users/mikliuca/.rbenv/versions/2.2.1/lib/ruby/gems/2.2.0/gems/web-console-2.3.0/lib/web_console/templates/error_page.js.erb within layouts/javascript (0.4ms)
  Rendered /Users/mikliuca/.rbenv/versions/2.2.1/lib/ruby/gems/2.2.0/gems/web-console-2.3.0/lib/web_console/templates/index.html.erb (122.9ms)


Started POST "/reminders" for ::1 at 2016-03-22 21:24:58 -0500
Processing by RemindersController#create as HTML
  Parameters: {"number"=>"18475254435", "message"=>"stuff", "submit"=>"Send Message"}
Completed 500 Internal Server Error in 1ms

TypeError (no implicit conversion of Symbol into String):
  app/controllers/reminders_controller.rb:12:in `[]'
  app/controllers/reminders_controller.rb:12:in `create'


  Rendered /Users/mikliuca/.rbenv/versions/2.2.1/lib/ruby/gems/2.2.0/gems/actionpack-4.2.0/lib/action_dispatch/middleware/templates/rescues/_source.erb (4.3ms)
  Rendered /Users/mikliuca/.rbenv/versions/2.2.1/lib/ruby/gems/2.2.0/gems/actionpack-4.2.0/lib/action_dispatch/middleware/templates/rescues/_trace.html.erb (2.0ms)
  Rendered /Users/mikliuca/.rbenv/versions/2.2.1/lib/ruby/gems/2.2.0/gems/actionpack-4.2.0/lib/action_dispatch/middleware/templates/rescues/_request_and_response.html.erb (0.8ms)
  Rendered /Users/mikliuca/.rbenv/versions/2.2.1/lib/ruby/gems/2.2.0/gems/actionpack-4.2.0/lib/action_dispatch/middleware/templates/rescues/diagnostics.html.erb within rescues/layout (62.3ms)
  Rendered /Users/mikliuca/.rbenv/versions/2.2.1/lib/ruby/gems/2.2.0/gems/web-console-2.3.0/lib/web_console/templates/_markup.html.erb (0.6ms)
  Rendered /Users/mikliuca/.rbenv/versions/2.2.1/lib/ruby/gems/2.2.0/gems/web-console-2.3.0/lib/web_console/templates/_inner_console_markup.html.erb within layouts/inlined_string (0.3ms)
  Rendered /Users/mikliuca/.rbenv/versions/2.2.1/lib/ruby/gems/2.2.0/gems/web-console-2.3.0/lib/web_console/templates/_prompt_box_markup.html.erb within layouts/inlined_string (0.3ms)
  Rendered /Users/mikliuca/.rbenv/versions/2.2.1/lib/ruby/gems/2.2.0/gems/web-console-2.3.0/lib/web_console/templates/style.css.erb within layouts/inlined_string (0.3ms)
  Rendered /Users/mikliuca/.rbenv/versions/2.2.1/lib/ruby/gems/2.2.0/gems/web-console-2.3.0/lib/web_console/templates/console.js.erb within layouts/javascript (50.5ms)
  Rendered /Users/mikliuca/.rbenv/versions/2.2.1/lib/ruby/gems/2.2.0/gems/web-console-2.3.0/lib/web_console/templates/main.js.erb within layouts/javascript (0.3ms)
  Rendered /Users/mikliuca/.rbenv/versions/2.2.1/lib/ruby/gems/2.2.0/gems/web-console-2.3.0/lib/web_console/templates/error_page.js.erb within layouts/javascript (0.4ms)
  Rendered /Users/mikliuca/.rbenv/versions/2.2.1/lib/ruby/gems/2.2.0/gems/web-console-2.3.0/lib/web_console/templates/index.html.erb (115.9ms)


Started POST "/reminders" for ::1 at 2016-03-22 21:25:48 -0500
Processing by RemindersController#create as HTML
  Parameters: {"number"=>"18475254435", "message"=>"stuff", "submit"=>"Send Message"}
Completed 500 Internal Server Error in 4ms

NameError (undefined local variable or method `account_sid' for #<RemindersController:0x007fa652f602c0>):
  app/controllers/reminders_controller.rb:12:in `create'


  Rendered /Users/mikliuca/.rbenv/versions/2.2.1/lib/ruby/gems/2.2.0/gems/actionpack-4.2.0/lib/action_dispatch/middleware/templates/rescues/_source.erb (4.2ms)
  Rendered /Users/mikliuca/.rbenv/versions/2.2.1/lib/ruby/gems/2.2.0/gems/actionpack-4.2.0/lib/action_dispatch/middleware/templates/rescues/_trace.html.erb (1.9ms)
  Rendered /Users/mikliuca/.rbenv/versions/2.2.1/lib/ruby/gems/2.2.0/gems/actionpack-4.2.0/lib/action_dispatch/middleware/templates/rescues/_request_and_response.html.erb (0.8ms)
  Rendered /Users/mikliuca/.rbenv/versions/2.2.1/lib/ruby/gems/2.2.0/gems/actionpack-4.2.0/lib/action_dispatch/middleware/templates/rescues/diagnostics.html.erb within rescues/layout (59.2ms)
  Rendered /Users/mikliuca/.rbenv/versions/2.2.1/lib/ruby/gems/2.2.0/gems/web-console-2.3.0/lib/web_console/templates/_markup.html.erb (0.4ms)
  Rendered /Users/mikliuca/.rbenv/versions/2.2.1/lib/ruby/gems/2.2.0/gems/web-console-2.3.0/lib/web_console/templates/_inner_console_markup.html.erb within layouts/inlined_string (0.3ms)
  Rendered /Users/mikliuca/.rbenv/versions/2.2.1/lib/ruby/gems/2.2.0/gems/web-console-2.3.0/lib/web_console/templates/_prompt_box_markup.html.erb within layouts/inlined_string (0.3ms)
  Rendered /Users/mikliuca/.rbenv/versions/2.2.1/lib/ruby/gems/2.2.0/gems/web-console-2.3.0/lib/web_console/templates/style.css.erb within layouts/inlined_string (0.3ms)
  Rendered /Users/mikliuca/.rbenv/versions/2.2.1/lib/ruby/gems/2.2.0/gems/web-console-2.3.0/lib/web_console/templates/console.js.erb within layouts/javascript (47.4ms)
  Rendered /Users/mikliuca/.rbenv/versions/2.2.1/lib/ruby/gems/2.2.0/gems/web-console-2.3.0/lib/web_console/templates/main.js.erb within layouts/javascript (0.3ms)
  Rendered /Users/mikliuca/.rbenv/versions/2.2.1/lib/ruby/gems/2.2.0/gems/web-console-2.3.0/lib/web_console/templates/error_page.js.erb within layouts/javascript (0.4ms)
  Rendered /Users/mikliuca/.rbenv/versions/2.2.1/lib/ruby/gems/2.2.0/gems/web-console-2.3.0/lib/web_console/templates/index.html.erb (105.6ms)


Started POST "/reminders" for ::1 at 2016-03-22 21:26:03 -0500
Processing by RemindersController#create as HTML
  Parameters: {"number"=>"18475254435", "message"=>"stuff", "submit"=>"Send Message"}
Completed 500 Internal Server Error in 1ms

TypeError (no implicit conversion of Symbol into String):
  app/controllers/reminders_controller.rb:12:in `[]'
  app/controllers/reminders_controller.rb:12:in `create'


  Rendered /Users/mikliuca/.rbenv/versions/2.2.1/lib/ruby/gems/2.2.0/gems/actionpack-4.2.0/lib/action_dispatch/middleware/templates/rescues/_source.erb (3.9ms)
  Rendered /Users/mikliuca/.rbenv/versions/2.2.1/lib/ruby/gems/2.2.0/gems/actionpack-4.2.0/lib/action_dispatch/middleware/templates/rescues/_trace.html.erb (1.8ms)
  Rendered /Users/mikliuca/.rbenv/versions/2.2.1/lib/ruby/gems/2.2.0/gems/actionpack-4.2.0/lib/action_dispatch/middleware/templates/rescues/_request_and_response.html.erb (0.9ms)
  Rendered /Users/mikliuca/.rbenv/versions/2.2.1/lib/ruby/gems/2.2.0/gems/actionpack-4.2.0/lib/action_dispatch/middleware/templates/rescues/diagnostics.html.erb within rescues/layout (54.5ms)
  Rendered /Users/mikliuca/.rbenv/versions/2.2.1/lib/ruby/gems/2.2.0/gems/web-console-2.3.0/lib/web_console/templates/_markup.html.erb (0.3ms)
  Rendered /Users/mikliuca/.rbenv/versions/2.2.1/lib/ruby/gems/2.2.0/gems/web-console-2.3.0/lib/web_console/templates/_inner_console_markup.html.erb within layouts/inlined_string (0.3ms)
  Rendered /Users/mikliuca/.rbenv/versions/2.2.1/lib/ruby/gems/2.2.0/gems/web-console-2.3.0/lib/web_console/templates/_prompt_box_markup.html.erb within layouts/inlined_string (0.3ms)
  Rendered /Users/mikliuca/.rbenv/versions/2.2.1/lib/ruby/gems/2.2.0/gems/web-console-2.3.0/lib/web_console/templates/style.css.erb within layouts/inlined_string (0.3ms)
  Rendered /Users/mikliuca/.rbenv/versions/2.2.1/lib/ruby/gems/2.2.0/gems/web-console-2.3.0/lib/web_console/templates/console.js.erb within layouts/javascript (46.5ms)
  Rendered /Users/mikliuca/.rbenv/versions/2.2.1/lib/ruby/gems/2.2.0/gems/web-console-2.3.0/lib/web_console/templates/main.js.erb within layouts/javascript (0.3ms)
  Rendered /Users/mikliuca/.rbenv/versions/2.2.1/lib/ruby/gems/2.2.0/gems/web-console-2.3.0/lib/web_console/templates/error_page.js.erb within layouts/javascript (0.4ms)
  Rendered /Users/mikliuca/.rbenv/versions/2.2.1/lib/ruby/gems/2.2.0/gems/web-console-2.3.0/lib/web_console/templates/index.html.erb (105.3ms)


Started POST "/reminders" for ::1 at 2016-03-22 21:26:56 -0500
Processing by RemindersController#create as HTML
  Parameters: {"number"=>"18475254435", "message"=>"stuff", "submit"=>"Send Message"}
Completed 500 Internal Server Error in 1ms

ArgumentError (Account SID and auth token are required):
  app/controllers/reminders_controller.rb:12:in `new'
  app/controllers/reminders_controller.rb:12:in `create'


  Rendered /Users/mikliuca/.rbenv/versions/2.2.1/lib/ruby/gems/2.2.0/gems/actionpack-4.2.0/lib/action_dispatch/middleware/templates/rescues/_source.erb (6.1ms)
  Rendered /Users/mikliuca/.rbenv/versions/2.2.1/lib/ruby/gems/2.2.0/gems/actionpack-4.2.0/lib/action_dispatch/middleware/templates/rescues/_trace.html.erb (1.8ms)
  Rendered /Users/mikliuca/.rbenv/versions/2.2.1/lib/ruby/gems/2.2.0/gems/actionpack-4.2.0/lib/action_dispatch/middleware/templates/rescues/_request_and_response.html.erb (0.8ms)
  Rendered /Users/mikliuca/.rbenv/versions/2.2.1/lib/ruby/gems/2.2.0/gems/actionpack-4.2.0/lib/action_dispatch/middleware/templates/rescues/diagnostics.html.erb within rescues/layout (59.9ms)
  Rendered /Users/mikliuca/.rbenv/versions/2.2.1/lib/ruby/gems/2.2.0/gems/web-console-2.3.0/lib/web_console/templates/_markup.html.erb (0.3ms)
  Rendered /Users/mikliuca/.rbenv/versions/2.2.1/lib/ruby/gems/2.2.0/gems/web-console-2.3.0/lib/web_console/templates/_inner_console_markup.html.erb within layouts/inlined_string (0.3ms)
  Rendered /Users/mikliuca/.rbenv/versions/2.2.1/lib/ruby/gems/2.2.0/gems/web-console-2.3.0/lib/web_console/templates/_prompt_box_markup.html.erb within layouts/inlined_string (0.4ms)
  Rendered /Users/mikliuca/.rbenv/versions/2.2.1/lib/ruby/gems/2.2.0/gems/web-console-2.3.0/lib/web_console/templates/style.css.erb within layouts/inlined_string (0.4ms)
  Rendered /Users/mikliuca/.rbenv/versions/2.2.1/lib/ruby/gems/2.2.0/gems/web-console-2.3.0/lib/web_console/templates/console.js.erb within layouts/javascript (52.4ms)
  Rendered /Users/mikliuca/.rbenv/versions/2.2.1/lib/ruby/gems/2.2.0/gems/web-console-2.3.0/lib/web_console/templates/main.js.erb within layouts/javascript (0.3ms)
  Rendered /Users/mikliuca/.rbenv/versions/2.2.1/lib/ruby/gems/2.2.0/gems/web-console-2.3.0/lib/web_console/templates/error_page.js.erb within layouts/javascript (0.3ms)
  Rendered /Users/mikliuca/.rbenv/versions/2.2.1/lib/ruby/gems/2.2.0/gems/web-console-2.3.0/lib/web_console/templates/index.html.erb (110.3ms)


Started POST "/reminders" for ::1 at 2016-03-22 21:30:36 -0500
Processing by RemindersController#create as HTML
  Parameters: {"number"=>"18475254435", "message"=>"stuff", "submit"=>"Send Message"}
Completed 500 Internal Server Error in 1ms

ArgumentError (Account SID and auth token are required):
  app/controllers/reminders_controller.rb:12:in `new'
  app/controllers/reminders_controller.rb:12:in `create'


  Rendered /Users/mikliuca/.rbenv/versions/2.2.1/lib/ruby/gems/2.2.0/gems/actionpack-4.2.0/lib/action_dispatch/middleware/templates/rescues/_source.erb (4.2ms)
  Rendered /Users/mikliuca/.rbenv/versions/2.2.1/lib/ruby/gems/2.2.0/gems/actionpack-4.2.0/lib/action_dispatch/middleware/templates/rescues/_trace.html.erb (1.8ms)
  Rendered /Users/mikliuca/.rbenv/versions/2.2.1/lib/ruby/gems/2.2.0/gems/actionpack-4.2.0/lib/action_dispatch/middleware/templates/rescues/_request_and_response.html.erb (1.4ms)
  Rendered /Users/mikliuca/.rbenv/versions/2.2.1/lib/ruby/gems/2.2.0/gems/actionpack-4.2.0/lib/action_dispatch/middleware/templates/rescues/diagnostics.html.erb within rescues/layout (59.0ms)
  Rendered /Users/mikliuca/.rbenv/versions/2.2.1/lib/ruby/gems/2.2.0/gems/web-console-2.3.0/lib/web_console/templates/_markup.html.erb (0.7ms)
  Rendered /Users/mikliuca/.rbenv/versions/2.2.1/lib/ruby/gems/2.2.0/gems/web-console-2.3.0/lib/web_console/templates/_inner_console_markup.html.erb within layouts/inlined_string (0.3ms)
  Rendered /Users/mikliuca/.rbenv/versions/2.2.1/lib/ruby/gems/2.2.0/gems/web-console-2.3.0/lib/web_console/templates/_prompt_box_markup.html.erb within layouts/inlined_string (0.5ms)
  Rendered /Users/mikliuca/.rbenv/versions/2.2.1/lib/ruby/gems/2.2.0/gems/web-console-2.3.0/lib/web_console/templates/style.css.erb within layouts/inlined_string (0.5ms)
  Rendered /Users/mikliuca/.rbenv/versions/2.2.1/lib/ruby/gems/2.2.0/gems/web-console-2.3.0/lib/web_console/templates/console.js.erb within layouts/javascript (52.7ms)
  Rendered /Users/mikliuca/.rbenv/versions/2.2.1/lib/ruby/gems/2.2.0/gems/web-console-2.3.0/lib/web_console/templates/main.js.erb within layouts/javascript (0.4ms)
  Rendered /Users/mikliuca/.rbenv/versions/2.2.1/lib/ruby/gems/2.2.0/gems/web-console-2.3.0/lib/web_console/templates/error_page.js.erb within layouts/javascript (0.3ms)
  Rendered /Users/mikliuca/.rbenv/versions/2.2.1/lib/ruby/gems/2.2.0/gems/web-console-2.3.0/lib/web_console/templates/index.html.erb (120.9ms)


Started POST "/reminders" for ::1 at 2016-03-22 21:46:47 -0500
Processing by RemindersController#create as HTML
  Parameters: {"number"=>"18475254435", "message"=>"stuff", "submit"=>"Send Message"}
Completed 500 Internal Server Error in 9ms

ArgumentError (Account SID and auth token are required):
  app/controllers/reminders_controller.rb:12:in `new'
  app/controllers/reminders_controller.rb:12:in `create'


  Rendered /Users/mikliuca/.rbenv/versions/2.2.1/lib/ruby/gems/2.2.0/gems/actionpack-4.2.0/lib/action_dispatch/middleware/templates/rescues/_source.erb (4.2ms)
  Rendered /Users/mikliuca/.rbenv/versions/2.2.1/lib/ruby/gems/2.2.0/gems/actionpack-4.2.0/lib/action_dispatch/middleware/templates/rescues/_trace.html.erb (1.7ms)
  Rendered /Users/mikliuca/.rbenv/versions/2.2.1/lib/ruby/gems/2.2.0/gems/actionpack-4.2.0/lib/action_dispatch/middleware/templates/rescues/_request_and_response.html.erb (0.8ms)
  Rendered /Users/mikliuca/.rbenv/versions/2.2.1/lib/ruby/gems/2.2.0/gems/actionpack-4.2.0/lib/action_dispatch/middleware/templates/rescues/diagnostics.html.erb within rescues/layout (56.8ms)
  Rendered /Users/mikliuca/.rbenv/versions/2.2.1/lib/ruby/gems/2.2.0/gems/web-console-2.3.0/lib/web_console/templates/_markup.html.erb (0.3ms)
  Rendered /Users/mikliuca/.rbenv/versions/2.2.1/lib/ruby/gems/2.2.0/gems/web-console-2.3.0/lib/web_console/templates/_inner_console_markup.html.erb within layouts/inlined_string (0.3ms)
  Rendered /Users/mikliuca/.rbenv/versions/2.2.1/lib/ruby/gems/2.2.0/gems/web-console-2.3.0/lib/web_console/templates/_prompt_box_markup.html.erb within layouts/inlined_string (0.3ms)
  Rendered /Users/mikliuca/.rbenv/versions/2.2.1/lib/ruby/gems/2.2.0/gems/web-console-2.3.0/lib/web_console/templates/style.css.erb within layouts/inlined_string (0.3ms)
  Rendered /Users/mikliuca/.rbenv/versions/2.2.1/lib/ruby/gems/2.2.0/gems/web-console-2.3.0/lib/web_console/templates/console.js.erb within layouts/javascript (60.3ms)
  Rendered /Users/mikliuca/.rbenv/versions/2.2.1/lib/ruby/gems/2.2.0/gems/web-console-2.3.0/lib/web_console/templates/main.js.erb within layouts/javascript (0.3ms)
  Rendered /Users/mikliuca/.rbenv/versions/2.2.1/lib/ruby/gems/2.2.0/gems/web-console-2.3.0/lib/web_console/templates/error_page.js.erb within layouts/javascript (0.4ms)
  Rendered /Users/mikliuca/.rbenv/versions/2.2.1/lib/ruby/gems/2.2.0/gems/web-console-2.3.0/lib/web_console/templates/index.html.erb (125.0ms)


Started POST "/reminders" for ::1 at 2016-03-22 21:47:41 -0500
Processing by RemindersController#create as HTML
  Parameters: {"number"=>"18475254435", "message"=>"stuff", "submit"=>"Send Message"}
Completed 500 Internal Server Error in 1ms

ArgumentError (Account SID and auth token are required):
  app/controllers/reminders_controller.rb:12:in `new'
  app/controllers/reminders_controller.rb:12:in `create'


  Rendered /Users/mikliuca/.rbenv/versions/2.2.1/lib/ruby/gems/2.2.0/gems/actionpack-4.2.0/lib/action_dispatch/middleware/templates/rescues/_source.erb (4.2ms)
  Rendered /Users/mikliuca/.rbenv/versions/2.2.1/lib/ruby/gems/2.2.0/gems/actionpack-4.2.0/lib/action_dispatch/middleware/templates/rescues/_trace.html.erb (1.9ms)
  Rendered /Users/mikliuca/.rbenv/versions/2.2.1/lib/ruby/gems/2.2.0/gems/actionpack-4.2.0/lib/action_dispatch/middleware/templates/rescues/_request_and_response.html.erb (1.6ms)
  Rendered /Users/mikliuca/.rbenv/versions/2.2.1/lib/ruby/gems/2.2.0/gems/actionpack-4.2.0/lib/action_dispatch/middleware/templates/rescues/diagnostics.html.erb within rescues/layout (58.4ms)
  Rendered /Users/mikliuca/.rbenv/versions/2.2.1/lib/ruby/gems/2.2.0/gems/web-console-2.3.0/lib/web_console/templates/_markup.html.erb (0.4ms)
  Rendered /Users/mikliuca/.rbenv/versions/2.2.1/lib/ruby/gems/2.2.0/gems/web-console-2.3.0/lib/web_console/templates/_inner_console_markup.html.erb within layouts/inlined_string (0.3ms)
  Rendered /Users/mikliuca/.rbenv/versions/2.2.1/lib/ruby/gems/2.2.0/gems/web-console-2.3.0/lib/web_console/templates/_prompt_box_markup.html.erb within layouts/inlined_string (0.3ms)
  Rendered /Users/mikliuca/.rbenv/versions/2.2.1/lib/ruby/gems/2.2.0/gems/web-console-2.3.0/lib/web_console/templates/style.css.erb within layouts/inlined_string (0.3ms)
  Rendered /Users/mikliuca/.rbenv/versions/2.2.1/lib/ruby/gems/2.2.0/gems/web-console-2.3.0/lib/web_console/templates/console.js.erb within layouts/javascript (50.0ms)
  Rendered /Users/mikliuca/.rbenv/versions/2.2.1/lib/ruby/gems/2.2.0/gems/web-console-2.3.0/lib/web_console/templates/main.js.erb within layouts/javascript (0.3ms)
  Rendered /Users/mikliuca/.rbenv/versions/2.2.1/lib/ruby/gems/2.2.0/gems/web-console-2.3.0/lib/web_console/templates/error_page.js.erb within layouts/javascript (0.4ms)
  Rendered /Users/mikliuca/.rbenv/versions/2.2.1/lib/ruby/gems/2.2.0/gems/web-console-2.3.0/lib/web_console/templates/index.html.erb (113.9ms)
